ResNet50_Dec5_ZXsHkIr
-------------------------------------------------------------------------
--------------------------- Starting Training ---------------------------
-------------------------------------------------------------------------
Accuracy on Test-Set: 22.8% (228 / 998),  loss: 1.9057
[[150 202  76  10 136  95   1]
 [ 16  43  19   1  23   8   1]
 [  9  32  30   5  21  11   1]
 [  7  16  17   0  10   0   1]
 [  4  11   9   1   4   3   0]
 [  2   2   6   0   3   1   0]
 [  3   1   3   0   3   1   0]]
-------------------------------------------------------------------------
Epochs:  1,  Training Accuracy:  59.9%,  loss: 1.0989
[[4864  403  162  192  133  179  102]
 [ 445 3500 1067  360  400  142   98]
 [ 272 1164 2962  661  560  162  159]
 [ 124  412  651 3207  845  161  156]
 [ 141  304  570  889 2688   10  118]
 [ 390   74  164  250   48 2719   67]
 [ 437  360  277  373  425  110 1034]]
-------------------------------------------------------------------------
Accuracy on Test-Set: 68.4% (683 / 998),  loss: 0.93837
[[542  38  14  20  17  31   8]
 [ 26  43  10   6  22   2   2]
 [ 22  19  33   5  20   3   7]
 [  5   2   1  26  12   2   3]
 [  0   0   2   4  26   0   0]
 [  4   0   0   0   0  10   0]
 [  0   1   1   1   5   0   3]]
-------------------------------------------------------------------------
Time usage: 0:06:17
-------------------------------------------------------------------------
Epochs:  2,  Training Accuracy:  64.7%,  loss: 0.98009
[[5071  306  114  188   94  148  114]
 [ 469 3792  772  391  357  124  107]
 [ 289 1154 2926  750  507  137  177]
 [ 130  334  422 3727  640  132  171]
 [ 142  316  382 1001 2696    4  179]
 [ 233   67   89  231    3 3025   64]
 [ 398  263  187  378  309   88 1393]]
-------------------------------------------------------------------------
Accuracy on Test-Set: 71.1% (710 / 998),  loss: 0.85732
[[570  23  12  21  11  21  12]
 [ 38  40   5   6  18   1   3]
 [ 27  16  29   7  20   2   8]
 [  5   2   0  32   7   1   4]
 [  0   0   1   7  24   0   0]
 [  4   0   0   0   0  10   0]
 [  0   1   0   1   4   0   5]]
-------------------------------------------------------------------------
Time usage: 0:06:11
-------------------------------------------------------------------------
Epochs:  3,  Training Accuracy:  66.7%,  loss: 0.9234
[[5229  254  107  188   71  116   70]
 [ 495 3931  703  399  312  111   61]
 [ 339 1166 3027  754  440  109  105]
 [ 141  311  362 3980  522  118  122]
 [ 167  322  370 1082 2667    2  110]
 [ 213   48   72  229    1 3091   58]
 [ 371  266  195  456  242   79 1407]]
-------------------------------------------------------------------------
Accuracy on Test-Set: 72.5% (724 / 998),  loss: 0.79589
[[582  21  12  21   9  17   8]
 [ 42  40   4   9  13   1   2]
 [ 33  15  30   7  19   2   3]
 [  5   2   0  33   6   1   4]
 [  1   0   0   7  24   0   0]
 [  4   0   0   0   0  10   0]
 [  0   1   0   2   3   0   5]]
-------------------------------------------------------------------------
Time usage: 0:06:12
-------------------------------------------------------------------------
Epochs:  4,  Training Accuracy:  75.1%,  loss: 0.68393
[[5204  280  181  158   65   72   75]
 [ 433 4161  665  309  281   89   74]
 [ 237  972 3560  620  403   33  115]
 [  55  144  146 4667  362  119   63]
 [ 109  207  313  966 3028    1   96]
 [   4    8   14  135    0 3546    5]
 [  80   75  160  487  100   10 2104]]
-------------------------------------------------------------------------
Accuracy on Test-Set: 74.1% (740 / 998),  loss: 0.7026
[[571  27  17  20  13  14   8]
 [ 40  44   7   4  11   1   4]
 [ 24   9  50   7  10   0   9]
 [  1   3   0  36   5   3   3]
 [  0   0   1   8  21   0   2]
 [  3   0   0   0   0  11   0]
 [  0   1   0   1   2   0   7]]
-------------------------------------------------------------------------
Time usage: 0:07:56
-------------------------------------------------------------------------
Epochs:  5,  Training Accuracy:  79.1%,  loss: 0.56824
[[5357  293  134  107   44   42   58]
 [ 426 4633  413  208  226   62   44]
 [ 259 1147 3683  441  311   17   82]
 [  57  149  112 4779  294  105   60]
 [  99  248  350  722 3240    1   60]
 [   1   11    4   90    0 3605    1]
 [  75   77   89  286   94    4 2391]]
-------------------------------------------------------------------------
Accuracy on Test-Set: 77.2% (770 / 998),  loss: 0.61783
[[591  27  15  15   9   7   6]
 [ 41  50   5   5   6   1   3]
 [ 24  14  50   7   8   0   6]
 [  2   2   0  35   6   4   2]
 [  0   1   0   6  25   0   0]
 [  2   0   0   0   0  12   0]
 [  0   0   1   1   2   0   7]]
-------------------------------------------------------------------------
Time usage: 0:07:54
-------------------------------------------------------------------------
Epochs:  6,  Training Accuracy:  82.2%,  loss: 0.48065
[[5351  248  187   71   91   24   63]
 [ 358 4553  562  133  323   29   54]
 [ 215  791 4072  296  492    4   70]
 [  43  114  132 4601  525   49   92]
 [  46  119  260  335 3875    0   85]
 [   2   11    6   64    1 3624    4]
 [  10   58   60   73  142    0 2673]]
-------------------------------------------------------------------------
Accuracy on Test-Set: 78.6% (784 / 998),  loss: 0.59102
[[589  25  21  12  13   3   7]
 [ 31  52  12   3  10   1   2]
 [ 21   9  60   4  10   0   5]
 [  1   3   0  36   7   1   3]
 [  0   1   0   3  27   0   1]
 [  2   0   0   0   0  12   0]
 [  0   0   1   0   2   0   8]]
-------------------------------------------------------------------------
Time usage: 0:07:56
-------------------------------------------------------------------------
Epochs:  7,  Training Accuracy:  84.9%,  loss: 0.40824
[[5485  201  155   77   55   26   36]
 [ 408 4637  500  161  228   41   37]
 [ 229  686 4323  317  335    7   43]
 [  37   54   82 5028  273   41   41]
 [  66  120  272  368 3851    1   42]
 [   0    4    2   21    0 3684    1]
 [  37   41   42   74  106    0 2716]]
-------------------------------------------------------------------------
Accuracy on Test-Set: 80.3% (801 / 998),  loss: 0.54153
[[601  20  16  14  10   4   5]
 [ 35  56  10   3   4   1   2]
 [ 21  14  59   4   7   0   4]
 [  2   0   0  39   6   2   2]
 [  0   1   0   5  25   0   1]
 [  1   0   0   0   0  13   0]
 [  0   0   0   1   2   0   8]]
-------------------------------------------------------------------------
Time usage: 0:07:58
-------------------------------------------------------------------------
Epochs:  8,  Training Accuracy:  86.3%,  loss: 0.36879
[[5570  201   99   46   60   16   43]
 [ 392 5041  296   69  167    9   38]
 [ 245  884 4253  152  357    3   46]
 [  57  152  102 4707  398   27  113]
 [  26  159  196  171 4107    0   61]
 [   1   10    5   16    0 3677    3]
 [   4   35   26   20   70    0 2861]]
-------------------------------------------------------------------------
Accuracy on Test-Set: 80.7% (805 / 998),  loss: 0.52648
[[610  20  13   8  12   3   4]
 [ 40  56   5   1   6   1   2]
 [ 28  12  56   3   7   0   3]
 [  3   2   0  36   7   1   2]
 [  0   1   0   3  27   0   1]
 [  2   0   0   0   0  11   1]
 [  0   0   0   0   2   0   9]]
-------------------------------------------------------------------------
Time usage: 0:07:59
-------------------------------------------------------------------------
Epochs:  9,  Training Accuracy:  88.2%,  loss: 0.32289
[[5340  270  186   83   52   18   86]
 [ 266 4888  523  107  155   15   58]
 [ 136  496 4825  208  205    3   67]
 [   7   45   85 5165  182    9   63]
 [   9  101  259  249 4011    0   91]
 [   0    5    1   13    0 3691    2]
 [   2   20   16   16   16    0 2946]]
-------------------------------------------------------------------------
Accuracy on Test-Set: 80.0% (798 / 998),  loss: 0.55009
[[581  28  24  15   8   4  10]
 [ 27  61  10   4   6   1   2]
 [ 14  13  69   3   6   0   4]
 [  1   0   0  42   6   0   2]
 [  0   1   1   4  24   0   2]
 [  1   0   0   0   0  12   1]
 [  0   0   0   0   2   0   9]]
-------------------------------------------------------------------------
Time usage: 0:07:58
-------------------------------------------------------------------------
Epochs: 10,  Training Accuracy:  89.5%,  loss: 0.28718
[[5633  113  137   61   56   10   25]
 [ 481 4567  617  107  210    6   24]
 [ 193  293 5010  163  265    1   15]
 [  18   28   82 5191  210   11   16]
 [  12   49  149  156 4339    0   15]
 [   0    5    1    9    0 3697    0]
 [   2   15   27   31   47    0 2894]]
-------------------------------------------------------------------------
Accuracy on Test-Set: 80.4% (802 / 998),  loss: 0.52547
[[606  11  24  12  10   3   4]
 [ 43  42  11   4   9   1   1]
 [ 25   3  66   3   9   0   3]
 [  1   0   0  41   7   0   2]
 [  0   0   1   4  27   0   0]
 [  2   0   0   0   0  12   0]
 [  0   0   1   0   2   0   8]]
-------------------------------------------------------------------------
Time usage: 0:07:58
-------------------------------------------------------------------------
Epochs: 11,  Training Accuracy:  90.6%,  loss: 0.26408
[[5588  167  156   54   29   11   30]
 [ 355 4919  487   90  122    7   32]
 [ 157  357 5098  146  155    0   27]
 [  21   34   81 5241  152    5   22]
 [  12   79  210  174 4221    0   24]
 [   0    3    1    8    0 3700    0]
 [   3   16   16   22   12    0 2947]]
-------------------------------------------------------------------------
Accuracy on Test-Set: 82.0% (818 / 998),  loss: 0.49375
[[607  16  22  13   5   4   3]
 [ 32  56  12   4   5   1   1]
 [ 20  11  68   2   5   0   3]
 [  1   0   1  41   5   1   2]
 [  0   1   1   5  25   0   0]
 [  1   0   0   0   0  12   1]
 [  0   0   0   0   2   0   9]]
-------------------------------------------------------------------------
Time usage: 0:08:01
-------------------------------------------------------------------------
Epochs: 12,  Training Accuracy:  90.7%,  loss: 0.26075
[[5463  239  201   60   33   10   29]
 [ 278 5026  459   92  122    7   28]
 [ 129  370 5123  143  155    0   20]
 [  17   33   83 5258  143    4   18]
 [   9   81  211  171 4227    0   21]
 [   0    3    1    8    0 3700    0]
 [   2   20   20   25   13    0 2936]]
-------------------------------------------------------------------------
Accuracy on Test-Set: 80.8% (806 / 998),  loss: 0.508
[[591  23  30  13   5   4   4]
 [ 31  57  13   3   5   1   1]
 [ 15  12  73   2   4   0   3]
 [  1   0   1  41   5   1   2]
 [  0   1   2   5  24   0   0]
 [  1   0   0   0   0  12   1]
 [  0   0   1   0   2   0   8]]
-------------------------------------------------------------------------
Time usage: 0:07:58
-------------------------------------------------------------------------
Epochs: 13,  Training Accuracy:  90.9%,  loss: 0.25571
[[5600  162  164   50   31   10   18]
 [ 356 4932  487   83  129    4   21]
 [ 152  332 5164  120  162    0   10]
 [  20   32   99 5218  167    4   16]
 [  11   70  207  139 4276    0   17]
 [   0    3    1   10    0 3698    0]
 [   3   21   24   26   29    0 2913]]
-------------------------------------------------------------------------
Accuracy on Test-Set: 81.9% (817 / 998),  loss: 0.49021
[[605  17  24  13   5   4   2]
 [ 33  55  13   3   5   1   1]
 [ 19   9  73   2   3   0   3]
 [  1   1   1  40   5   1   2]
 [  0   1   2   5  24   0   0]
 [  2   0   0   0   0  12   0]
 [  0   0   1   0   2   0   8]]
-------------------------------------------------------------------------
Time usage: 0:07:58
-------------------------------------------------------------------------
Epochs: 14,  Training Accuracy:  90.9%,  loss: 0.25762
[[5579  146  176   45   39   10   40]
 [ 365 4780  575   86  162    9   35]
 [ 143  257 5218  113  181    0   28]
 [  22   25   96 5206  175    4   28]
 [   7   46  170  118 4355    0   24]
 [   0    2    1    8    0 3701    0]
 [   1    9   14   15    9    0 2968]]
-------------------------------------------------------------------------
Accuracy on Test-Set: 82.2% (820 / 998),  loss: 0.50717
[[602  18  23  12   7   4   4]
 [ 34  55  12   2   5   1   2]
 [ 17   7  76   2   4   0   3]
 [  1   0   1  41   5   1   2]
 [  0   0   2   4  26   0   0]
 [  1   0   0   0   0  12   1]
 [  0   0   1   0   2   0   8]]
-------------------------------------------------------------------------
Time usage: 0:07:58
-------------------------------------------------------------------------
Epochs: 15,  Training Accuracy:  91.3%,  loss: 0.24795
[[5594  192  141   42   31   10   25]
 [ 327 5105  367   64  121    3   25]
 [ 158  409 5075  100  180    0   18]
 [  26   48   97 5147  214    4   20]
 [   9   70  156   91 4376    0   18]
 [   0    3    1    8    0 3700    0]
 [   3   18   19   14   23    0 2939]]
-------------------------------------------------------------------------
Accuracy on Test-Set: 82.0% (818 / 998),  loss: 0.49119
[[603  23  20  11   6   4   3]
 [ 32  62   9   1   5   1   1]
 [ 20  12  67   2   5   0   3]
 [  1   1   1  40   6   0   2]
 [  0   1   1   4  26   0   0]
 [  1   0   0   0   0  12   1]
 [  0   0   1   0   2   0   8]]
-------------------------------------------------------------------------
Time usage: 0:07:56
-------------------------------------------------------------------------
Total Trainning Time usage: 1:54:21
-------------------------------------------------------------------------
