VGG19_Dec3_W5yNfZu
-------------------------------------------------------------------------
--------------------------- Starting Training ---------------------------
-------------------------------------------------------------------------
Accuracy on Test-Set: 17.3% (173 / 998),  loss: 2.4652
[[131  11 150   1   2 375   0]
 [ 14  14  14   0   1  67   1]
 [ 12   4  17   0   1  74   1]
 [  9   1   7   0   0  34   0]
 [  8   1   5   0   0  18   0]
 [  1   0   2   0   0  11   0]
 [  3   0   1   0   0   7   0]]
-------------------------------------------------------------------------
Epochs:  1,  Training Accuracy:  57.6%,  loss: 1.0997
[[5045  207  134  273   89   95  192]
 [ 476 2585 1930  479  208  132  202]
 [ 409  738 3574  634  276   90  219]
 [ 368  268 1112 3157  373   97  181]
 [ 297  274 1065 1161 1626   14  283]
 [ 319   67  201  235   22 2819   49]
 [ 615  140  344  361  138   50 1368]]
-------------------------------------------------------------------------
Accuracy on Test-Set: 66.6% (665 / 998),  loss: 0.93951
[[566  15  18  32   9  12  18]
 [ 39  26   3   9  23   2   9]
 [ 32  15  13  15  22   1  11]
 [ 10   2   1  24   7   3   4]
 [  2   1   1   2  22   0   4]
 [  4   0   0   0   0  10   0]
 [  4   0   0   1   1   1   4]]
-------------------------------------------------------------------------
Time usage: 0:12:06
-------------------------------------------------------------------------
Epochs:  2,  Training Accuracy:  60.9%,  loss: 1.0285
[[5249   91   46  133  295   82  139]
 [ 537 3545  434  652  633  114   97]
 [ 444 1599 1779  963  948   85  122]
 [ 357  422  198 3184 1158   78  159]
 [ 186  355  194  711 3133   10  131]
 [ 318   81   57  223   62 2944   27]
 [ 523  128  140  342  379   32 1472]]
-------------------------------------------------------------------------
Accuracy on Test-Set: 66.1% (660 / 998),  loss: 0.9919
[[583   9   3  22  26  13  14]
 [ 45  19   0   4  36   1   6]
 [ 41   7   6   7  36   1  11]
 [ 14   1   0  12  17   3   4]
 [  1   0   0   1  28   0   2]
 [  4   0   0   0   0  10   0]
 [  3   0   0   0   5   1   2]]
-------------------------------------------------------------------------
Time usage: 0:12:05
-------------------------------------------------------------------------
Epochs:  3,  Training Accuracy:  62.0%,  loss: 0.99247
[[4999  231   91  115  289   93  217]
 [ 405 3838  821  151  582  104  111]
 [ 339 1595 2742  186  876   91  111]
 [ 271  756  753 1895 1544  111  226]
 [ 120  452  437  235 3338   10  128]
 [ 209  102   74  114   73 3114   26]
 [ 285  179  260  123  348   39 1782]]
-------------------------------------------------------------------------
Accuracy on Test-Set: 65.7% (656 / 998),  loss: 0.97136
[[557  18  16  15  26  16  22]
 [ 35  32   2   2  33   1   6]
 [ 30  15   9   4  41   0  10]
 [  9   2   0  14  19   3   4]
 [  1   0   0   1  29   0   1]
 [  4   0   0   0   0  10   0]
 [  2   0   0   0   3   1   5]]
-------------------------------------------------------------------------
Time usage: 0:12:04
-------------------------------------------------------------------------
Epochs:  4,  Training Accuracy:  76.4%,  loss: 0.64506
[[5310  210  108  159  121   36   91]
 [ 422 4009  692  332  439   60   58]
 [ 304  984 3256  567  717   23   89]
 [  51   79  155 4577  553   57   84]
 [  72  163  261  574 3574    8   68]
 [   1    2   20   74    5 3589   21]
 [  44   20  120  178  248    3 2403]]
-------------------------------------------------------------------------
Accuracy on Test-Set: 73.2% (731 / 998),  loss: 0.74807
[[592  16  10  22  10   7  13]
 [ 39  37   5   7  19   1   3]
 [ 26  10  22   6  36   1   8]
 [  5   0   0  38   5   2   1]
 [  0   0   0   6  26   0   0]
 [  3   0   0   0   0  11   0]
 [  2   0   0   1   2   1   5]]
-------------------------------------------------------------------------
Time usage: 0:15:48
-------------------------------------------------------------------------
Epochs:  5,  Training Accuracy:  80.8%,  loss: 0.51502
[[5332  219  108  118  131   24  103]
 [ 373 4348  537  207  436   47   64]
 [ 247  953 3593  347  688   15   97]
 [  45   65  120 4693  524   33   76]
 [  19  123  199  321 4000    0   58]
 [   0    1   12   55    2 3641    1]
 [   4   21   76   82  156    0 2677]]
-------------------------------------------------------------------------
Accuracy on Test-Set: 75.6% (754 / 998),  loss: 0.66626
[[597  14  10  13  15   6  15]
 [ 36  45   2   6  17   1   4]
 [ 23  13  29   4  31   1   8]
 [  5   0   0  37   5   2   2]
 [  0   0   0   4  28   0   0]
 [  2   0   0   0   0  11   1]
 [  1   0   1   0   2   0   7]]
-------------------------------------------------------------------------
Time usage: 0:15:45
-------------------------------------------------------------------------
Epochs:  6,  Training Accuracy:  83.7%,  loss: 0.44516
[[5612  142   97   63   33   11   77]
 [ 474 4799  450   78  123   11   77]
 [ 305 1011 4097  163  247    5  112]
 [  96  198  212 4537  371   11  131]
 [  61  277  342  199 3698    0  143]
 [   2   13   13   23    1 3658    2]
 [   3   23   53   25   35    0 2877]]
-------------------------------------------------------------------------
Accuracy on Test-Set: 78.8% (786 / 998),  loss: 0.57031
[[614  18  11   9   6   4   8]
 [ 44  43  10   2   7   1   4]
 [ 29  14  49   3   7   0   7]
 [  9   1   0  35   4   1   1]
 [  2   0   1   4  25   0   0]
 [  2   0   0   0   0  12   0]
 [  1   0   1   0   1   0   8]]
-------------------------------------------------------------------------
Time usage: 0:15:45
-------------------------------------------------------------------------
Epochs:  7,  Training Accuracy:  85.3%,  loss: 0.40256
[[5590  136  107   99   51   20   32]
 [ 450 4565  533  160  234   32   38]
 [ 278  776 4207  265  364   12   38]
 [  43   76  116 4989  279   14   39]
 [  33  136  248  267 3993    0   43]
 [   0    3    5   31    1 3671    1]
 [   3   17   59   67   54    0 2816]]
-------------------------------------------------------------------------
Accuracy on Test-Set: 78.1% (779 / 998),  loss: 0.57587
[[609  16  13  15   8   6   3]
 [ 45  40   5   6  13   1   1]
 [ 29  13  44   5  13   1   4]
 [  5   0   0  40   3   2   1]
 [  0   0   1   4  27   0   0]
 [  2   0   0   0   0  12   0]
 [  1   0   1   0   2   0   7]]
-------------------------------------------------------------------------
Time usage: 0:15:46
-------------------------------------------------------------------------
Epochs:  8,  Training Accuracy:  85.4%,  loss: 0.39598
[[5594  145  105   80   58   14   39]
 [ 425 4634  516  136  234   22   45]
 [ 264  780 4224  221  387    8   56]
 [  46   89  135 4872  356   11   47]
 [  26  135  241  214 4052    0   52]
 [   0    3    7   32    1 3668    1]
 [   1   19   52   50   49    0 2845]]
-------------------------------------------------------------------------
Accuracy on Test-Set: 78.5% (783 / 998),  loss: 0.57123
[[608  18  12  14   8   6   4]
 [ 39  45   6   4  14   1   2]
 [ 28  14  45   3  14   0   5]
 [  5   1   0  38   4   2   1]
 [  0   0   1   4  27   0   0]
 [  2   0   0   0   0  12   0]
 [  1   0   1   0   1   0   8]]
-------------------------------------------------------------------------
Time usage: 0:15:45
-------------------------------------------------------------------------
Epochs:  9,  Training Accuracy:  85.7%,  loss: 0.3872
[[5597  124  118   89   51   15   41]
 [ 437 4467  651  156  233   22   46]
 [ 256  634 4396  245  350    9   50]
 [  43   59  129 4983  285   11   46]
 [  20  102  281  241 4018    0   58]
 [   1    3    5   32    1 3669    1]
 [   1   13   50   55   42    0 2855]]
-------------------------------------------------------------------------
Accuracy on Test-Set: 78.3% (781 / 998),  loss: 0.56682
[[607  16  16  14   8   5   4]
 [ 42  40   8   6  13   1   1]
 [ 27  11  48   4  15   0   4]
 [  5   0   0  39   4   2   1]
 [  0   0   1   4  27   0   0]
 [  2   0   0   0   0  12   0]
 [  1   0   1   0   1   0   8]]
-------------------------------------------------------------------------
Time usage: 0:15:45
-------------------------------------------------------------------------
Epochs: 10,  Training Accuracy:  86.1%,  loss: 0.38012
[[5600  133  105   93   53   15   36]
 [ 427 4606  522  163  234   19   41]
 [ 262  703 4275  268  364   10   58]
 [  36   61   96 5053  254   11   45]
 [  20  113  228  248 4056    0   55]
 [   1    3    4   31    1 3671    1]
 [   1   16   39   54   38    0 2868]]
-------------------------------------------------------------------------
Accuracy on Test-Set: 78.6% (784 / 998),  loss: 0.57002
[[608  17  12  16   8   5   4]
 [ 41  42   7   6  13   1   1]
 [ 27  12  48   5  13   0   4]
 [  5   0   0  39   4   2   1]
 [  0   0   1   4  27   0   0]
 [  2   0   0   0   0  12   0]
 [  1   0   1   0   1   0   8]]
-------------------------------------------------------------------------
Time usage: 0:15:45
-------------------------------------------------------------------------
Total Trainning Time usage: 2:26:40
-------------------------------------------------------------------------
