VGG19_More_Dec4_0rmfThK
-------------------------------------------------------------------------
--------------------------- Starting Training ---------------------------
-------------------------------------------------------------------------
Accuracy on Test-Set: 78.6% (784 / 998),  loss: 0.57002
[[608  17  12  16   8   5   4]
 [ 41  42   7   6  13   1   1]
 [ 27  12  48   5  13   0   4]
 [  5   0   0  39   4   2   1]
 [  0   0   1   4  27   0   0]
 [  2   0   0   0   0  12   0]
 [  1   0   1   0   1   0   8]]
-------------------------------------------------------------------------
Epochs: 11,  Training Accuracy:  87.2%,  loss: 0.34915
[[5529  250   91   66   53   12   34]
 [ 332 5184  206   92  153   13   32]
 [ 230 1092 4073  187  311    8   39]
 [  44  100   99 5012  238   11   52]
 [  14  181  180  154 4153    1   37]
 [   0    5    2   17    1 3686    1]
 [   2   20   36   28   39    0 2891]]
-------------------------------------------------------------------------
Accuracy on Test-Set: 80.1% (799 / 998),  loss: 0.5447
[[607  25  12   9   7   5   5]
 [ 35  57   2   5  10   1   1]
 [ 22  17  50   4  12   0   4]
 [  7   1   0  37   4   1   1]
 [  0   0   1   4  27   0   0]
 [  2   0   0   0   0  12   0]
 [  1   0   0   0   1   0   9]]
-------------------------------------------------------------------------
Epochs: 12,  Training Accuracy:  89.3%,  loss: 0.29975
[[5688   89   91   75   46   15   31]
 [ 466 4638  537  122  193   24   32]
 [ 221  469 4699  183  332    6   30]
 [  29   26   55 5220  193    6   27]
 [   4   67  122  140 4368    0   19]
 [   0    0    0   17    0 3695    0]
 [   1    4   18   37   30    0 2926]]
-------------------------------------------------------------------------
Accuracy on Test-Set: 80.5% (803 / 998),  loss: 0.54073
[[613  12  12  15   8   5   5]
 [ 44  42   8   5  11   0   1]
 [ 25   9  56   3  13   0   3]
 [  4   0   0  41   4   1   1]
 [  0   0   1   2  29   0   0]
 [  2   0   0   0   0  12   0]
 [  0   0   0   0   1   0  10]]
-------------------------------------------------------------------------
Epochs: 13,  Training Accuracy:  90.6%,  loss: 0.26139
[[5709  114   83   64   36   14   15]
 [ 404 5031  327   75  135   21   19]
 [ 225  595 4698  132  271    8   11]
 [  30   48   55 5224  175   14   10]
 [   4   63  136  106 4396    1   14]
 [   0    1    0   10    0 3701    0]
 [   2    5   26   22   27    0 2934]]
-------------------------------------------------------------------------
Accuracy on Test-Set: 81.8% (816 / 998),  loss: 0.51013
[[617  17   9  13   6   5   3]
 [ 39  51   7   2  10   1   1]
 [ 27   7  60   3  11   0   1]
 [  4   0   0  41   4   1   1]
 [  0   0   1   4  27   0   0]
 [  2   0   0   0   0  12   0]
 [  0   0   2   0   1   0   8]]
-------------------------------------------------------------------------
Epochs: 14,  Training Accuracy:  91.5%,  loss: 0.23603
[[5730  118  107   33   21   10   16]
 [ 396 5183  343   22   40   11   17]
 [ 190  497 5068   42  115    5   23]
 [  45   75  140 5117  137    6   36]
 [   7  130  231   69 4256    0   27]
 [   0    1    0    5    0 3706    0]
 [   1    6   20   11   12    0 2966]]
-------------------------------------------------------------------------
Accuracy on Test-Set: 82.6% (824 / 998),  loss: 0.48842
[[617  18  15  10   3   4   3]
 [ 37  58   9   2   4   0   1]
 [ 26  11  63   1   6   0   2]
 [  6   2   0  37   4   1   1]
 [  0   1   1   2  28   0   0]
 [  2   0   0   0   0  12   0]
 [  1   0   0   0   1   0   9]]
-------------------------------------------------------------------------
Epochs: 15,  Training Accuracy:  92.4%,  loss: 0.21518
[[5718  105   96   61   32    7   16]
 [ 375 5125  331   67   92    5   17]
 [ 168  444 4992  113  199    3   21]
 [  10   18   40 5378  103    0    7]
 [   1   48  102   99 4457    0   13]
 [   0    0    0    7    0 3705    0]
 [   0    3   10   16   19    0 2968]]
-------------------------------------------------------------------------
Accuracy on Test-Set: 81.8% (816 / 998),  loss: 0.50337
[[610  17  15  14   6   4   4]
 [ 36  56  10   3   5   0   1]
 [ 26   8  59   3  11   0   2]
 [  4   0   0  43   3   0   1]
 [  0   0   1   3  28   0   0]
 [  2   0   0   0   0  12   0]
 [  1   0   1   0   1   0   8]]
-------------------------------------------------------------------------
Epochs: 16,  Training Accuracy:  92.5%,  loss: 0.21087
[[5662  135  107   69   34   10   18]
 [ 323 5224  282   70   93    5   15]
 [ 154  489 4947  124  206    4   16]
 [   6   16   36 5395   95    1    7]
 [   1   44   91  104 4468    0   12]
 [   0    0    0    7    0 3705    0]
 [   0    4   11   17   19    0 2965]]
-------------------------------------------------------------------------
Accuracy on Test-Set: 81.6% (814 / 998),  loss: 0.50732
[[606  21  15  14   5   5   4]
 [ 35  57  10   3   5   0   1]
 [ 24  10  59   3  11   0   2]
 [  4   0   0  43   3   0   1]
 [  0   0   1   3  28   0   0]
 [  2   0   0   0   0  12   0]
 [  0   0   1   0   1   0   9]]
-------------------------------------------------------------------------
Epochs: 17,  Training Accuracy:  92.6%,  loss: 0.20751
[[5737  111   81   59   26    8   13]
 [ 369 5207  279   68   70    4   15]
 [ 176  475 4976  137  155    3   18]
 [  11   16   33 5420   67    0    9]
 [   3   68  110  130 4395    0   14]
 [   0    0    0    7    0 3705    0]
 [   0    3    9   19   11    0 2974]]
-------------------------------------------------------------------------
Accuracy on Test-Set: 82.2% (820 / 998),  loss: 0.50038
[[614  17  13  14   4   5   3]
 [ 36  56  10   3   5   0   1]
 [ 27   8  59   5   7   0   3]
 [  4   0   0  44   2   0   1]
 [  0   0   1   4  27   0   0]
 [  2   0   0   0   0  12   0]
 [  1   0   1   0   1   0   8]]
-------------------------------------------------------------------------
Epochs: 18,  Training Accuracy:  92.7%,  loss: 0.20926
[[5724  102   84   62   40    6   17]
 [ 359 5137  292   68  134    3   19]
 [ 168  412 4961  114  261    2   22]
 [  10   13   27 5386  112    0    8]
 [   0   29   53   79 4544    0   15]
 [   0    0    0    9    0 3703    0]
 [   0    2    6   14   15    0 2979]]
-------------------------------------------------------------------------
Accuracy on Test-Set: 82.2% (820 / 998),  loss: 0.51184
[[613  16  13  14   6   4   4]
 [ 35  56   9   3   7   0   1]
 [ 26   8  58   3  11   0   3]
 [  4   0   0  43   3   0   1]
 [  0   0   1   3  28   0   0]
 [  2   0   0   0   0  12   0]
 [  0   0   0   0   1   0  10]]
-------------------------------------------------------------------------
Epochs: 19,  Training Accuracy:  92.9%,  loss: 0.20099
[[5702  110  105   63   35    6   14]
 [ 339 5147  331   67  108    3   17]
 [ 153  379 5073  109  207    3   16]
 [  10   13   33 5403   92    0    5]
 [   1   34   69   93 4512    0   11]
 [   0    0    0    6    0 3706    0]
 [   0    3    5   14   14    0 2980]]
-------------------------------------------------------------------------
Accuracy on Test-Set: 82.1% (819 / 998),  loss: 0.50887
[[609  18  16  14   5   4   4]
 [ 35  56  10   3   6   0   1]
 [ 24   7  62   2  11   0   3]
 [  4   0   0  43   3   0   1]
 [  0   0   1   3  28   0   0]
 [  2   0   0   0   0  12   0]
 [  0   0   1   0   1   0   9]]
-------------------------------------------------------------------------
Epochs: 20,  Training Accuracy:  93.0%,  loss:   0.2
[[5741  118   74   52   33    5   12]
 [ 339 5325  191   49   93    3   12]
 [ 176  531 4881  111  225    3   13]
 [  12   24   25 5384  107    0    4]
 [   1   42   60   73 4537    0    7]
 [   0    0    0    6    0 3706    0]
 [   0    4    8   14   15    0 2975]]
-------------------------------------------------------------------------
Accuracy on Test-Set: 82.2% (820 / 998),  loss: 0.50529
[[611  20  10  14   6   5   4]
 [ 35  58   9   3   5   0   1]
 [ 28   9  58   2  10   0   2]
 [  3   0   0  44   3   0   1]
 [  0   0   1   2  29   0   0]
 [  2   0   0   0   0  12   0]
 [  1   0   1   0   1   0   8]]
-------------------------------------------------------------------------
Total Trainning Time usage: 2:37:38
-------------------------------------------------------------------------
